<?xml version="1.0" encoding="UTF-8"?>
<coverage generated="1775496470573" clover="3.2.0">
  <project timestamp="1775496470573" name="All files">
    <metrics statements="78" coveredstatements="57" conditionals="27" coveredconditionals="17" methods="24" coveredmethods="14" elements="129" coveredelements="88" complexity="0" loc="78" ncloc="78" packages="2" files="4" classes="4"/>
    <package name="api">
      <metrics statements="4" coveredstatements="0" conditionals="0" coveredconditionals="0" methods="2" coveredmethods="0"/>
      <file name="otp.js" path="/Users/mariancatalin/Documents/Personal/bt-otp-challenge/bt-otp-frontend/src/api/otp.js">
        <metrics statements="4" coveredstatements="0" conditionals="0" coveredconditionals="0" methods="2" coveredmethods="0"/>
        <line num="2" count="0" type="stmt"/>
        <line num="7" count="0" type="stmt"/>
        <line num="11" count="0" type="stmt"/>
        <line num="16" count="0" type="stmt"/>
      </file>
    </package>
    <package name="components">
      <metrics statements="74" coveredstatements="57" conditionals="27" coveredconditionals="17" methods="22" coveredmethods="14"/>
      <file name="OtpRequestForm.jsx" path="/Users/mariancatalin/Documents/Personal/bt-otp-challenge/bt-otp-frontend/src/components/OtpRequestForm.jsx">
        <metrics statements="13" coveredstatements="12" conditionals="4" coveredconditionals="4" methods="4" coveredmethods="3"/>
        <line num="6" count="9" type="stmt"/>
        <line num="7" count="9" type="stmt"/>
        <line num="8" count="9" type="stmt"/>
        <line num="10" count="9" type="stmt"/>
        <line num="11" count="2" type="stmt"/>
        <line num="12" count="2" type="stmt"/>
        <line num="13" count="2" type="stmt"/>
        <line num="14" count="2" type="stmt"/>
        <line num="15" count="1" type="stmt"/>
        <line num="17" count="1" type="stmt"/>
        <line num="21" count="9" type="stmt"/>
        <line num="29" count="2" type="stmt"/>
        <line num="38" count="0" type="stmt"/>
      </file>
      <file name="OtpVerifyForm.jsx" path="/Users/mariancatalin/Documents/Personal/bt-otp-challenge/bt-otp-frontend/src/components/OtpVerifyForm.jsx">
        <metrics statements="37" coveredstatements="27" conditionals="15" coveredconditionals="8" methods="10" coveredmethods="7"/>
        <line num="6" count="18" type="stmt"/>
        <line num="7" count="18" type="stmt"/>
        <line num="8" count="18" type="stmt"/>
        <line num="10" count="18" type="stmt"/>
        <line num="11" count="2" type="stmt"/>
        <line num="12" count="2" type="stmt"/>
        <line num="13" count="2" type="stmt"/>
        <line num="14" count="2" type="stmt"/>
        <line num="15" count="2" type="cond" truecount="2" falsecount="0"/>
        <line num="16" count="1" type="stmt"/>
        <line num="18" count="1" type="stmt"/>
        <line num="20" count="1" type="cond" truecount="1" falsecount="1"/>
        <line num="23" count="0" type="stmt"/>
        <line num="27" count="18" type="stmt"/>
        <line num="28" count="12" type="stmt"/>
        <line num="29" count="12" type="cond" truecount="1" falsecount="1"/>
        <line num="31" count="12" type="stmt"/>
        <line num="32" count="12" type="stmt"/>
        <line num="33" count="12" type="stmt"/>
        <line num="36" count="12" type="cond" truecount="4" falsecount="0"/>
        <line num="37" count="10" type="stmt"/>
        <line num="41" count="18" type="stmt"/>
        <line num="42" count="0" type="cond" truecount="0" falsecount="5"/>
        <line num="43" count="0" type="stmt"/>
        <line num="47" count="18" type="stmt"/>
        <line num="48" count="0" type="stmt"/>
        <line num="49" count="0" type="stmt"/>
        <line num="50" count="0" type="stmt"/>
        <line num="51" count="0" type="stmt"/>
        <line num="52" count="0" type="stmt"/>
        <line num="53" count="0" type="stmt"/>
        <line num="56" count="18" type="stmt"/>
        <line num="64" count="2" type="stmt"/>
        <line num="72" count="108" type="stmt"/>
        <line num="77" count="12" type="stmt"/>
        <line num="78" count="0" type="stmt"/>
        <line num="79" count="216" type="stmt"/>
      </file>
      <file name="Toast.jsx" path="/Users/mariancatalin/Documents/Personal/bt-otp-challenge/bt-otp-frontend/src/components/Toast.jsx">
        <metrics statements="24" coveredstatements="18" conditionals="8" coveredconditionals="5" methods="8" coveredmethods="4"/>
        <line num="10" count="4" type="stmt"/>
        <line num="11" count="4" type="stmt"/>
        <line num="13" count="4" type="stmt"/>
        <line num="14" count="4" type="cond" truecount="1" falsecount="1"/>
        <line num="15" count="0" type="stmt"/>
        <line num="16" count="0" type="stmt"/>
        <line num="19" count="4" type="stmt"/>
        <line num="20" count="0" type="stmt"/>
        <line num="23" count="4" type="stmt"/>
        <line num="26" count="4" type="stmt"/>
        <line num="27" count="0" type="stmt"/>
        <line num="28" count="0" type="cond" truecount="0" falsecount="2"/>
        <line num="31" count="4" type="stmt"/>
        <line num="33" count="4" type="stmt"/>
        <line num="35" count="2" type="stmt"/>
        <line num="36" count="2" type="cond" truecount="2" falsecount="0"/>
        <line num="38" count="2" type="cond" truecount="2" falsecount="0"/>
        <line num="39" count="1" type="stmt"/>
        <line num="40" count="1" type="stmt"/>
        <line num="43" count="1" type="stmt"/>
        <line num="44" count="1" type="stmt"/>
        <line num="45" count="1" type="stmt"/>
        <line num="47" count="0" type="stmt"/>
        <line num="51" count="4" type="stmt"/>
      </file>
    </package>
  </project>
</coverage>
