{"/Users/mariancatalin/Documents/Personal/bt-otp-challenge/bt-otp-frontend/src/api/otp.js": {"path":"/Users/mariancatalin/Documents/Personal/bt-otp-challenge/bt-otp-frontend/src/api/otp.js","statementMap":{"0":{"start":{"line":2,"column":14},"end":{"line":6,"column":4}},"1":{"start":{"line":7,"column":2},"end":{"line":7,"column":20}},"2":{"start":{"line":11,"column":14},"end":{"line":15,"column":4}},"3":{"start":{"line":16,"column":2},"end":{"line":16,"column":20}}},"fnMap":{"0":{"name":"requestOtp","decl":{"start":{"line":1,"column":22},"end":{"line":1,"column":32}},"loc":{"start":{"line":1,"column":41},"end":{"line":8,"column":1}},"line":1},"1":{"name":"verifyOtp","decl":{"start":{"line":10,"column":22},"end":{"line":10,"column":31}},"loc":{"start":{"line":10,"column":46},"end":{"line":17,"column":1}},"line":10}},"branchMap":{},"s":{"0":0,"1":0,"2":0,"3":0},"f":{"0":0,"1":0},"b":{},"_coverageSchema":"1a1c01bbd47fc00a2c39e90264f33305004495a9","hash":"a915ee84e16b439b8b701fd365a98618596d5bfa"}
,"/Users/mariancatalin/Documents/Personal/bt-otp-challenge/bt-otp-frontend/src/components/OtpRequestForm.jsx": {"path":"/Users/mariancatalin/Documents/Personal/bt-otp-challenge/bt-otp-frontend/src/components/OtpRequestForm.jsx","statementMap":{"0":{"start":{"line":6,"column":30},"end":{"line":6,"column":42}},"1":{"start":{"line":7,"column":32},"end":{"line":7,"column":46}},"2":{"start":{"line":8,"column":28},"end":{"line":8,"column":42}},"3":{"start":{"line":10,"column":23},"end":{"line":19,"column":3}},"4":{"start":{"line":11,"column":4},"end":{"line":11,"column":23}},"5":{"start":{"line":12,"column":4},"end":{"line":12,"column":19}},"6":{"start":{"line":13,"column":4},"end":{"line":18,"column":5}},"7":{"start":{"line":14,"column":19},"end":{"line":14,"column":43}},"8":{"start":{"line":15,"column":6},"end":{"line":15,"column":23}},"9":{"start":{"line":17,"column":6},"end":{"line":17,"column":41}},"10":{"start":{"line":21,"column":2},"end":{"line":43,"column":4}},"11":{"start":{"line":29,"column":27},"end":{"line":29,"column":52}},"12":{"start":{"line":38,"column":25},"end":{"line":38,"column":41}}},"fnMap":{"0":{"name":"OtpRequestForm","decl":{"start":{"line":5,"column":24},"end":{"line":5,"column":38}},"loc":{"start":{"line":5,"column":41},"end":{"line":44,"column":1}},"line":5},"1":{"name":"(anonymous_1)","decl":{"start":{"line":10,"column":23},"end":{"line":10,"column":24}},"loc":{"start":{"line":10,"column":36},"end":{"line":19,"column":3}},"line":10},"2":{"name":"(anonymous_2)","decl":{"start":{"line":29,"column":20},"end":{"line":29,"column":21}},"loc":{"start":{"line":29,"column":27},"end":{"line":29,"column":52}},"line":29},"3":{"name":"(anonymous_3)","decl":{"start":{"line":38,"column":19},"end":{"line":38,"column":20}},"loc":{"start":{"line":38,"column":25},"end":{"line":38,"column":41}},"line":38}},"branchMap":{"0":{"loc":{"start":{"line":34,"column":7},"end":{"line":40,"column":7}},"type":"binary-expr","locations":[{"start":{"line":34,"column":7},"end":{"line":34,"column":14}},{"start":{"line":35,"column":8},"end":{"line":39,"column":10}}],"line":34},"1":{"loc":{"start":{"line":41,"column":7},"end":{"line":41,"column":55}},"type":"binary-expr","locations":[{"start":{"line":41,"column":7},"end":{"line":41,"column":12}},{"start":{"line":41,"column":16},"end":{"line":41,"column":55}}],"line":41}},"s":{"0":9,"1":9,"2":9,"3":9,"4":2,"5":2,"6":2,"7":2,"8":1,"9":1,"10":9,"11":2,"12":0},"f":{"0":9,"1":2,"2":2,"3":0},"b":{"0":[9,1],"1":[9,1]},"_coverageSchema":"1a1c01bbd47fc00a2c39e90264f33305004495a9","hash":"c73252eb3492210fe053cd4a2736fbabc94905c3"}
,"/Users/mariancatalin/Documents/Personal/bt-otp-challenge/bt-otp-frontend/src/components/OtpVerifyForm.jsx": {"path":"/Users/mariancatalin/Documents/Personal/bt-otp-challenge/bt-otp-frontend/src/components/OtpVerifyForm.jsx","statementMap":{"0":{"start":{"line":6,"column":30},"end":{"line":6,"column":42}},"1":{"start":{"line":7,"column":36},"end":{"line":7,"column":70}},"2":{"start":{"line":8,"column":20},"end":{"line":8,"column":30}},"3":{"start":{"line":10,"column":23},"end":{"line":25,"column":3}},"4":{"start":{"line":11,"column":4},"end":{"line":11,"column":23}},"5":{"start":{"line":12,"column":17},"end":{"line":12,"column":35}},"6":{"start":{"line":13,"column":4},"end":{"line":24,"column":5}},"7":{"start":{"line":14,"column":18},"end":{"line":14,"column":47}},"8":{"start":{"line":15,"column":6},"end":{"line":21,"column":7}},"9":{"start":{"line":16,"column":8},"end":{"line":16,"column":52}},"10":{"start":{"line":18,"column":8},"end":{"line":18,"column":47}},"11":{"start":{"line":20,"column":8},"end":{"line":20,"column":64}},"12":{"start":{"line":23,"column":6},"end":{"line":23,"column":43}},"13":{"start":{"line":27,"column":23},"end":{"line":39,"column":3}},"14":{"start":{"line":28,"column":18},"end":{"line":28,"column":32}},"15":{"start":{"line":29,"column":4},"end":{"line":29,"column":37}},"16":{"start":{"line":29,"column":30},"end":{"line":29,"column":37}},"17":{"start":{"line":31,"column":19},"end":{"line":31,"column":33}},"18":{"start":{"line":32,"column":4},"end":{"line":32,"column":36}},"19":{"start":{"line":33,"column":4},"end":{"line":33,"column":25}},"20":{"start":{"line":36,"column":4},"end":{"line":38,"column":5}},"21":{"start":{"line":37,"column":6},"end":{"line":37,"column":43}},"22":{"start":{"line":41,"column":24},"end":{"line":45,"column":3}},"23":{"start":{"line":42,"column":4},"end":{"line":44,"column":5}},"24":{"start":{"line":43,"column":6},"end":{"line":43,"column":43}},"25":{"start":{"line":47,"column":22},"end":{"line":54,"column":3}},"26":{"start":{"line":48,"column":4},"end":{"line":48,"column":23}},"27":{"start":{"line":49,"column":18},"end":{"line":49,"column":61}},"28":{"start":{"line":50,"column":19},"end":{"line":50,"column":34}},"29":{"start":{"line":51,"column":4},"end":{"line":51,"column":46}},"30":{"start":{"line":51,"column":30},"end":{"line":51,"column":46}},"31":{"start":{"line":52,"column":4},"end":{"line":52,"column":25}},"32":{"start":{"line":53,"column":4},"end":{"line":53,"column":62}},"33":{"start":{"line":56,"column":2},"end":{"line":88,"column":4}},"34":{"start":{"line":64,"column":27},"end":{"line":64,"column":52}},"35":{"start":{"line":72,"column":14},"end":{"line":81,"column":16}},"36":{"start":{"line":77,"column":33},"end":{"line":77,"column":55}},"37":{"start":{"line":78,"column":34},"end":{"line":78,"column":57}},"38":{"start":{"line":79,"column":30},"end":{"line":79,"column":59}}},"fnMap":{"0":{"name":"OtpVerifyForm","decl":{"start":{"line":5,"column":24},"end":{"line":5,"column":37}},"loc":{"start":{"line":5,"column":40},"end":{"line":89,"column":1}},"line":5},"1":{"name":"(anonymous_1)","decl":{"start":{"line":10,"column":23},"end":{"line":10,"column":24}},"loc":{"start":{"line":10,"column":36},"end":{"line":25,"column":3}},"line":10},"2":{"name":"(anonymous_2)","decl":{"start":{"line":27,"column":23},"end":{"line":27,"column":24}},"loc":{"start":{"line":27,"column":37},"end":{"line":39,"column":3}},"line":27},"3":{"name":"(anonymous_3)","decl":{"start":{"line":41,"column":24},"end":{"line":41,"column":25}},"loc":{"start":{"line":41,"column":38},"end":{"line":45,"column":3}},"line":41},"4":{"name":"(anonymous_4)","decl":{"start":{"line":47,"column":22},"end":{"line":47,"column":23}},"loc":{"start":{"line":47,"column":29},"end":{"line":54,"column":3}},"line":47},"5":{"name":"(anonymous_5)","decl":{"start":{"line":64,"column":20},"end":{"line":64,"column":21}},"loc":{"start":{"line":64,"column":27},"end":{"line":64,"column":52}},"line":64},"6":{"name":"(anonymous_6)","decl":{"start":{"line":71,"column":27},"end":{"line":71,"column":28}},"loc":{"start":{"line":72,"column":14},"end":{"line":81,"column":16}},"line":72},"7":{"name":"(anonymous_7)","decl":{"start":{"line":77,"column":26},"end":{"line":77,"column":27}},"loc":{"start":{"line":77,"column":33},"end":{"line":77,"column":55}},"line":77},"8":{"name":"(anonymous_8)","decl":{"start":{"line":78,"column":27},"end":{"line":78,"column":28}},"loc":{"start":{"line":78,"column":34},"end":{"line":78,"column":57}},"line":78},"9":{"name":"(anonymous_9)","decl":{"start":{"line":79,"column":21},"end":{"line":79,"column":22}},"loc":{"start":{"line":79,"column":30},"end":{"line":79,"column":59}},"line":79}},"branchMap":{"0":{"loc":{"start":{"line":15,"column":6},"end":{"line":21,"column":7}},"type":"if","locations":[{"start":{"line":15,"column":6},"end":{"line":21,"column":7}},{"start":{"line":19,"column":13},"end":{"line":21,"column":7}}],"line":15},"1":{"loc":{"start":{"line":20,"column":20},"end":{"line":20,"column":62}},"type":"binary-expr","locations":[{"start":{"line":20,"column":20},"end":{"line":20,"column":36}},{"start":{"line":20,"column":40},"end":{"line":20,"column":62}}],"line":20},"2":{"loc":{"start":{"line":29,"column":4},"end":{"line":29,"column":37}},"type":"if","locations":[{"start":{"line":29,"column":4},"end":{"line":29,"column":37}},{"start":{},"end":{}}],"line":29},"3":{"loc":{"start":{"line":36,"column":4},"end":{"line":38,"column":5}},"type":"if","locations":[{"start":{"line":36,"column":4},"end":{"line":38,"column":5}},{"start":{},"end":{}}],"line":36},"4":{"loc":{"start":{"line":36,"column":8},"end":{"line":36,"column":26}},"type":"binary-expr","locations":[{"start":{"line":36,"column":8},"end":{"line":36,"column":13}},{"start":{"line":36,"column":17},"end":{"line":36,"column":26}}],"line":36},"5":{"loc":{"start":{"line":42,"column":4},"end":{"line":44,"column":5}},"type":"if","locations":[{"start":{"line":42,"column":4},"end":{"line":44,"column":5}},{"start":{},"end":{}}],"line":42},"6":{"loc":{"start":{"line":42,"column":8},"end":{"line":42,"column":63}},"type":"binary-expr","locations":[{"start":{"line":42,"column":8},"end":{"line":42,"column":29}},{"start":{"line":42,"column":33},"end":{"line":42,"column":50}},{"start":{"line":42,"column":54},"end":{"line":42,"column":63}}],"line":42}},"s":{"0":18,"1":18,"2":18,"3":18,"4":2,"5":2,"6":2,"7":2,"8":2,"9":1,"10":1,"11":1,"12":0,"13":18,"14":12,"15":12,"16":0,"17":12,"18":12,"19":12,"20":12,"21":10,"22":18,"23":0,"24":0,"25":18,"26":0,"27":0,"28":0,"29":0,"30":0,"31":0,"32":0,"33":18,"34":2,"35":108,"36":12,"37":0,"38":216},"f":{"0":18,"1":2,"2":12,"3":0,"4":0,"5":2,"6":108,"7":12,"8":0,"9":216},"b":{"0":[1,1],"1":[1,0],"2":[0,12],"3":[10,2],"4":[12,12],"5":[0,0],"6":[0,0,0]},"_coverageSchema":"1a1c01bbd47fc00a2c39e90264f33305004495a9","hash":"09843e034724faaf8d2ebae57e6a9201ed3d669c"}
,"/Users/mariancatalin/Documents/Personal/bt-otp-challenge/bt-otp-frontend/src/components/Toast.jsx": {"path":"/Users/mariancatalin/Documents/Personal/bt-otp-challenge/bt-otp-frontend/src/components/Toast.jsx","statementMap":{"0":{"start":{"line":10,"column":34},"end":{"line":10,"column":52}},"1":{"start":{"line":11,"column":26},"end":{"line":11,"column":40}},"2":{"start":{"line":13,"column":2},"end":{"line":24,"column":17}},"3":{"start":{"line":14,"column":4},"end":{"line":17,"column":5}},"4":{"start":{"line":15,"column":6},"end":{"line":15,"column":20}},"5":{"start":{"line":16,"column":6},"end":{"line":16,"column":13}},"6":{"start":{"line":19,"column":18},"end":{"line":21,"column":12}},"7":{"start":{"line":20,"column":6},"end":{"line":20,"column":38}},"8":{"start":{"line":20,"column":28},"end":{"line":20,"column":36}},"9":{"start":{"line":23,"column":4},"end":{"line":23,"column":38}},"10":{"start":{"line":23,"column":17},"end":{"line":23,"column":37}},"11":{"start":{"line":26,"column":22},"end":{"line":29,"column":3}},"12":{"start":{"line":27,"column":4},"end":{"line":27,"column":19}},"13":{"start":{"line":28,"column":4},"end":{"line":28,"column":27}},"14":{"start":{"line":28,"column":17},"end":{"line":28,"column":27}},"15":{"start":{"line":31,"column":30},"end":{"line":31,"column":53}},"16":{"start":{"line":31,"column":36},"end":{"line":31,"column":53}},"17":{"start":{"line":33,"column":21},"end":{"line":49,"column":3}},"18":{"start":{"line":35,"column":21},"end":{"line":35,"column":43}},"19":{"start":{"line":36,"column":16},"end":{"line":36,"column":45}},"20":{"start":{"line":38,"column":4},"end":{"line":41,"column":5}},"21":{"start":{"line":39,"column":6},"end":{"line":39,"column":43}},"22":{"start":{"line":40,"column":6},"end":{"line":40,"column":13}},"23":{"start":{"line":43,"column":4},"end":{"line":48,"column":5}},"24":{"start":{"line":44,"column":6},"end":{"line":44,"column":47}},"25":{"start":{"line":45,"column":6},"end":{"line":45,"column":48}},"26":{"start":{"line":47,"column":6},"end":{"line":47,"column":41}},"27":{"start":{"line":51,"column":2},"end":{"line":79,"column":4}}},"fnMap":{"0":{"name":"Toast","decl":{"start":{"line":9,"column":24},"end":{"line":9,"column":29}},"loc":{"start":{"line":9,"column":62},"end":{"line":80,"column":1}},"line":9},"1":{"name":"(anonymous_1)","decl":{"start":{"line":13,"column":12},"end":{"line":13,"column":13}},"loc":{"start":{"line":13,"column":18},"end":{"line":24,"column":3}},"line":13},"2":{"name":"(anonymous_2)","decl":{"start":{"line":19,"column":30},"end":{"line":19,"column":31}},"loc":{"start":{"line":19,"column":36},"end":{"line":21,"column":5}},"line":19},"3":{"name":"(anonymous_3)","decl":{"start":{"line":20,"column":18},"end":{"line":20,"column":19}},"loc":{"start":{"line":20,"column":28},"end":{"line":20,"column":36}},"line":20},"4":{"name":"(anonymous_4)","decl":{"start":{"line":23,"column":11},"end":{"line":23,"column":12}},"loc":{"start":{"line":23,"column":17},"end":{"line":23,"column":37}},"line":23},"5":{"name":"(anonymous_5)","decl":{"start":{"line":26,"column":22},"end":{"line":26,"column":23}},"loc":{"start":{"line":26,"column":41},"end":{"line":29,"column":3}},"line":26},"6":{"name":"(anonymous_6)","decl":{"start":{"line":31,"column":30},"end":{"line":31,"column":31}},"loc":{"start":{"line":31,"column":36},"end":{"line":31,"column":53}},"line":31},"7":{"name":"(anonymous_7)","decl":{"start":{"line":33,"column":21},"end":{"line":33,"column":22}},"loc":{"start":{"line":33,"column":33},"end":{"line":49,"column":3}},"line":33}},"branchMap":{"0":{"loc":{"start":{"line":14,"column":4},"end":{"line":17,"column":5}},"type":"if","locations":[{"start":{"line":14,"column":4},"end":{"line":17,"column":5}},{"start":{},"end":{}}],"line":14},"1":{"loc":{"start":{"line":28,"column":4},"end":{"line":28,"column":27}},"type":"if","locations":[{"start":{"line":28,"column":4},"end":{"line":28,"column":27}},{"start":{},"end":{}}],"line":28},"2":{"loc":{"start":{"line":36,"column":16},"end":{"line":36,"column":45}},"type":"cond-expr","locations":[{"start":{"line":36,"column":27},"end":{"line":36,"column":38}},{"start":{"line":36,"column":41},"end":{"line":36,"column":45}}],"line":36},"3":{"loc":{"start":{"line":38,"column":4},"end":{"line":41,"column":5}},"type":"if","locations":[{"start":{"line":38,"column":4},"end":{"line":41,"column":5}},{"start":{},"end":{}}],"line":38}},"s":{"0":4,"1":4,"2":4,"3":4,"4":0,"5":0,"6":4,"7":0,"8":0,"9":4,"10":4,"11":4,"12":0,"13":0,"14":0,"15":4,"16":0,"17":4,"18":2,"19":2,"20":2,"21":1,"22":1,"23":1,"24":1,"25":1,"26":0,"27":4},"f":{"0":4,"1":4,"2":0,"3":0,"4":4,"5":0,"6":0,"7":2},"b":{"0":[0,4],"1":[0,0],"2":[1,1],"3":[1,1]},"_coverageSchema":"1a1c01bbd47fc00a2c39e90264f33305004495a9","hash":"b4e135f59ce847121d9a1e3cd69c01976d41d799"}
}
