TN:
SF:src/api/otp.js
FN:1,requestOtp
FN:10,verifyOtp
FNF:2
FNH:0
FNDA:0,requestOtp
FNDA:0,verifyOtp
DA:2,0
DA:7,0
DA:11,0
DA:16,0
LF:4
LH:0
BRF:0
BRH:0
end_of_record
TN:
SF:src/components/OtpRequestForm.jsx
FN:5,OtpRequestForm
FN:10,(anonymous_1)
FN:29,(anonymous_2)
FN:38,(anonymous_3)
FNF:4
FNH:3
FNDA:9,OtpRequestForm
FNDA:2,(anonymous_1)
FNDA:2,(anonymous_2)
FNDA:0,(anonymous_3)
DA:6,9
DA:7,9
DA:8,9
DA:10,9
DA:11,2
DA:12,2
DA:13,2
DA:14,2
DA:15,1
DA:17,1
DA:21,9
DA:29,2
DA:38,0
LF:13
LH:12
BRDA:34,0,0,9
BRDA:34,0,1,1
BRDA:41,1,0,9
BRDA:41,1,1,1
BRF:4
BRH:4
end_of_record
TN:
SF:src/components/OtpVerifyForm.jsx
FN:5,OtpVerifyForm
FN:10,(anonymous_1)
FN:27,(anonymous_2)
FN:41,(anonymous_3)
FN:47,(anonymous_4)
FN:64,(anonymous_5)
FN:71,(anonymous_6)
FN:77,(anonymous_7)
FN:78,(anonymous_8)
FN:79,(anonymous_9)
FNF:10
FNH:7
FNDA:18,OtpVerifyForm
FNDA:2,(anonymous_1)
FNDA:12,(anonymous_2)
FNDA:0,(anonymous_3)
FNDA:0,(anonymous_4)
FNDA:2,(anonymous_5)
FNDA:108,(anonymous_6)
FNDA:12,(anonymous_7)
FNDA:0,(anonymous_8)
FNDA:216,(anonymous_9)
DA:6,18
DA:7,18
DA:8,18
DA:10,18
DA:11,2
DA:12,2
DA:13,2
DA:14,2
DA:15,2
DA:16,1
DA:18,1
DA:20,1
DA:23,0
DA:27,18
DA:28,12
DA:29,12
DA:31,12
DA:32,12
DA:33,12
DA:36,12
DA:37,10
DA:41,18
DA:42,0
DA:43,0
DA:47,18
DA:48,0
DA:49,0
DA:50,0
DA:51,0
DA:52,0
DA:53,0
DA:56,18
DA:64,2
DA:72,108
DA:77,12
DA:78,0
DA:79,216
LF:37
LH:27
BRDA:15,0,0,1
BRDA:15,0,1,1
BRDA:20,1,0,1
BRDA:20,1,1,0
BRDA:29,2,0,0
BRDA:29,2,1,12
BRDA:36,3,0,10
BRDA:36,3,1,2
BRDA:36,4,0,12
BRDA:36,4,1,12
BRDA:42,5,0,0
BRDA:42,5,1,0
BRDA:42,6,0,0
BRDA:42,6,1,0
BRDA:42,6,2,0
BRF:15
BRH:8
end_of_record
TN:
SF:src/components/Toast.jsx
FN:9,Toast
FN:13,(anonymous_1)
FN:19,(anonymous_2)
FN:20,(anonymous_3)
FN:23,(anonymous_4)
FN:26,(anonymous_5)
FN:31,(anonymous_6)
FN:33,(anonymous_7)
FNF:8
FNH:4
FNDA:4,Toast
FNDA:4,(anonymous_1)
FNDA:0,(anonymous_2)
FNDA:0,(anonymous_3)
FNDA:4,(anonymous_4)
FNDA:0,(anonymous_5)
FNDA:0,(anonymous_6)
FNDA:2,(anonymous_7)
DA:10,4
DA:11,4
DA:13,4
DA:14,4
DA:15,0
DA:16,0
DA:19,4
DA:20,0
DA:23,4
DA:26,4
DA:27,0
DA:28,0
DA:31,4
DA:33,4
DA:35,2
DA:36,2
DA:38,2
DA:39,1
DA:40,1
DA:43,1
DA:44,1
DA:45,1
DA:47,0
DA:51,4
LF:24
LH:18
BRDA:14,0,0,0
BRDA:14,0,1,4
BRDA:28,1,0,0
BRDA:28,1,1,0
BRDA:36,2,0,1
BRDA:36,2,1,1
BRDA:38,3,0,1
BRDA:38,3,1,1
BRF:8
BRH:5
end_of_record
